Arguments: 
  C:\Program Files\nodejs\node.exe C:\Program Files\nodejs\node_modules\yarn\bin\yarn.js add lp-test-package

PATH: 
  G:\app\dkche\product\12.1.0\dbhome_1\bin;C:\Program Files (x86)\Common Files\Oracle\Java\javapath;E:\xshell\;E:\xftp\;E:\oracle\product\12.1.0\dbhome_1\bin;C:\Program Files (x86)\Intel\iCLS Client\;C:\Program Files\Intel\iCLS Client\;C:\WINDOWS\system32;C:\WINDOWS;C:\WINDOWS\System32\Wbem;C:\WINDOWS\System32\WindowsPowerShell\v1.0\;C:\Program Files (x86)\Intel\Intel(R) Management Engine Components\DAL;C:\Program Files\Intel\Intel(R) Management Engine Components\DAL;C:\Program Files (x86)\Intel\Intel(R) Management Engine Components\IPT;C:\Program Files\Intel\Intel(R) Management Engine Components\IPT;C:\Program Files\Intel\WiFi\bin\;C:\Program Files\Common Files\Intel\WirelessCommon\;C:\Program Files\TortoiseSVN\bin;D:\apache-maven-3.3.9\bin;F:\lp-workspace\bin\jdk1.8.0_131\bin;C:\WINDOWS\System32\OpenSSH\;E:\erlang\erl10.0.1\bin;C:\Program Files\Git\cmd;E:\gradle\gradle-5.3.1\bin;E:\redis;C:\Program Files\Docker\Docker\resources\bin;C:\ProgramData\DockerDesktop\version-bin;E:\7-Zip;C:\ProgramData\chocolatey\bin;C:\Program Files\dotnet\;E:\nvm;C:\Program Files\nodejs;C:\Program Files\nodejs;F:\lp-workspace;C:\Users\dkche\.windows-build-tools\python27\;C:\Users\dkche\AppData\Local\Microsoft\WindowsApps;E:\nvm;C:\Program Files\nodejs;E:\Microsoft VS Code\bin;E:\Docker Toolbox;E:\Ora10InstantClient;C:\Users\dkche\AppData\Local\GitHubDesktop\bin

Yarn version: 
  1.22.4

Node version: 
  12.18.2

Platform: 
  win32 x64

Trace: 
  Error: read ECONNRESET
      at TCP.onStreamRead (internal/stream_base_commons.js:205:27)

npm manifest: 
  {
    "name": "test-travis-ci",
    "version": "1.0.0",
    "main": "index.js",
    "repository": "https://github.com/Rofound/test-travis-ci.git",
    "author": "Pei <1353590214@qq.com>",
    "license": "MIT",
    "dependencies": {
      "axios": "^0.21.0"
    }
  }

yarn manifest: 
  No manifest

Lockfile: 
  # THIS IS AN AUTOGENERATED FILE. DO NOT EDIT THIS FILE DIRECTLY.
  # yarn lockfile v1
  
  
  axios@^0.21.0:
    version "0.21.0"
    resolved "http://192.168.1.79:4873/axios/-/axios-0.21.0.tgz#26df088803a2350dff2c27f96fef99fe49442aca"
    integrity sha1-Jt8IiAOiNQ3/LCf5b++Z/klEKso=
    dependencies:
      follow-redirects "^1.10.0"
  
  follow-redirects@^1.10.0:
    version "1.13.0"
    resolved "http://192.168.1.79:4873/follow-redirects/-/follow-redirects-1.13.0.tgz#b42e8d93a2a7eea5ed88633676d6597bc8e384db"
    integrity sha1-tC6Nk6Kn7qXtiGM2dtZZe8jjhNs=
